\BOOKMARK [1][-]{section*.1}{A}{}% 1
\BOOKMARK [1][-]{section*.2}{B}{}% 2
\BOOKMARK [1][-]{section*.3}{C}{}% 3
\BOOKMARK [1][-]{section*.4}{D}{}% 4
\BOOKMARK [1][-]{section*.5}{E}{}% 5
\BOOKMARK [1][-]{section*.6}{F}{}% 6
\BOOKMARK [1][-]{section*.7}{G}{}% 7
\BOOKMARK [1][-]{section*.8}{H}{}% 8
\BOOKMARK [1][-]{section*.9}{I}{}% 9
\BOOKMARK [1][-]{section*.10}{J}{}% 10
\BOOKMARK [1][-]{section*.11}{K}{}% 11
\BOOKMARK [1][-]{section*.12}{L}{}% 12
\BOOKMARK [1][-]{section*.13}{M}{}% 13
\BOOKMARK [1][-]{section*.14}{N}{}% 14
\BOOKMARK [1][-]{section*.15}{O}{}% 15
\BOOKMARK [1][-]{section*.16}{P}{}% 16
\BOOKMARK [1][-]{section*.17}{R}{}% 17
\BOOKMARK [1][-]{section*.18}{S}{}% 18
\BOOKMARK [1][-]{section*.19}{T}{}% 19
\BOOKMARK [1][-]{section*.20}{U}{}% 20
\BOOKMARK [1][-]{section*.21}{V}{}% 21
\BOOKMARK [1][-]{section*.22}{W}{}% 22
